<?xml version="1.0" encoding="UTF-8"?>
<testsuite name="CeasarCipherTest" tests="3" skipped="0" failures="0" errors="0" timestamp="2020-01-28T10:41:42" hostname="andrew-x1" time="0.004">
  <properties/>
  <testcase name="ceasarCipher_userInputIsString_true" classname="CeasarCipherTest" time="0.002"/>
  <testcase name="encrypt_confirmsEncryptionWorks_encryptedText" classname="CeasarCipherTest" time="0.001"/>
  <testcase name="decrypt_confirms_DecryptionWorks_decrytpedtText" classname="CeasarCipherTest" time="0.001"/>
  <system-out><![CDATA[]]></system-out>
  <system-err><![CDATA[]]></system-err>
</testsuite>
